
2024-10-13 14:59:34 | INFO |  * Detected change in '/media/guillaume/2TB/Scriptum/run.py', reloading
2024-10-13 14:59:35 | INFO |  * Restarting with watchdog (inotify)
2024-10-13 14:59:36 | INFO | Initializing RAG Application
2024-10-13 14:59:36 | INFO | Anonymized telemetry enabled. See                     https://docs.trychroma.com/telemetry for more information.
2024-10-13 14:59:36 | INFO | Flask app initialized
2024-10-13 14:59:36 | INFO | Starting Flask server
2024-10-13 14:59:36 | WARNING |  * Debugger is active!
2024-10-13 14:59:36 | INFO |  * Debugger PIN: 110-190-602
2024-10-13 15:00:29 | INFO |  * Detected change in '/media/guillaume/2TB/Scriptum/frontend/config.py', reloading
2024-10-13 15:00:29 | INFO |  * Detected change in '/media/guillaume/2TB/Scriptum/frontend/translations.py', reloading
2024-10-13 15:00:29 | INFO |  * Detected change in '/media/guillaume/2TB/Scriptum/frontend/language_utils.py', reloading
2024-10-13 15:00:29 | INFO |  * Detected change in '/media/guillaume/2TB/Scriptum/main.py', reloading
2024-10-13 15:00:29 | INFO |  * Detected change in '/media/guillaume/2TB/Scriptum/config.py', reloading
2024-10-13 15:00:29 | INFO |  * Detected change in '/media/guillaume/2TB/Scriptum/app.py', reloading
2024-10-13 15:00:29 | INFO |  * Detected change in '/media/guillaume/2TB/Scriptum/api.py', reloading
2024-10-13 15:00:29 | INFO |  * Detected change in '/media/guillaume/2TB/Scriptum/run.py', reloading
2024-10-13 15:00:30 | INFO |  * Restarting with watchdog (inotify)
2024-10-13 15:00:31 | INFO | Initializing RAG Application
2024-10-13 15:00:31 | INFO | Anonymized telemetry enabled. See                     https://docs.trychroma.com/telemetry for more information.
2024-10-13 15:00:31 | INFO | Flask app initialized
2024-10-13 15:00:31 | INFO | Starting Flask server
2024-10-13 15:00:31 | WARNING |  * Debugger is active!
2024-10-13 15:00:31 | INFO |  * Debugger PIN: 110-190-602
2024-10-13 15:00:37 | INFO |  * Detected change in '/media/guillaume/2TB/Scriptum/run.py', reloading
2024-10-13 15:00:37 | INFO |  * Detected change in '/media/guillaume/2TB/Scriptum/api.py', reloading
2024-10-13 15:00:37 | INFO |  * Detected change in '/media/guillaume/2TB/Scriptum/app.py', reloading
2024-10-13 15:00:37 | INFO |  * Detected change in '/media/guillaume/2TB/Scriptum/tests/test_retrieval.py', reloading
2024-10-13 15:00:37 | INFO |  * Detected change in '/media/guillaume/2TB/Scriptum/api.py', reloading
2024-10-13 15:00:37 | INFO |  * Detected change in '/media/guillaume/2TB/Scriptum/app.py', reloading
2024-10-13 15:00:37 | INFO |  * Detected change in '/media/guillaume/2TB/Scriptum/config.py', reloading
2024-10-13 15:00:37 | INFO |  * Detected change in '/media/guillaume/2TB/Scriptum/main.py', reloading
2024-10-13 15:00:37 | INFO |  * Detected change in '/media/guillaume/2TB/Scriptum/backend/__init__.py', reloading
2024-10-13 15:00:37 | INFO |  * Detected change in '/media/guillaume/2TB/Scriptum/backend/embedding_component.py', reloading
2024-10-13 15:00:37 | INFO |  * Detected change in '/media/guillaume/2TB/Scriptum/backend/ingest_component.py', reloading
2024-10-13 15:00:37 | INFO |  * Detected change in '/media/guillaume/2TB/Scriptum/backend/query_component.py', reloading
2024-10-13 15:00:37 | INFO |  * Detected change in '/media/guillaume/2TB/Scriptum/backend/retrieval_component.py', reloading
2024-10-13 15:00:37 | INFO |  * Detected change in '/media/guillaume/2TB/Scriptum/backend/utils.py', reloading
2024-10-13 15:00:37 | INFO |  * Detected change in '/media/guillaume/2TB/Scriptum/frontend/__init__.py', reloading
2024-10-13 15:00:37 | INFO |  * Detected change in '/media/guillaume/2TB/Scriptum/frontend/config.py', reloading
2024-10-13 15:00:37 | INFO |  * Detected change in '/media/guillaume/2TB/Scriptum/frontend/language_utils.py', reloading
2024-10-13 15:00:37 | INFO |  * Detected change in '/media/guillaume/2TB/Scriptum/frontend/translations.py', reloading
2024-10-13 15:00:37 | INFO |  * Detected change in '/media/guillaume/2TB/Scriptum/frontend/components/__init__.py', reloading
2024-10-13 15:00:37 | INFO |  * Detected change in '/media/guillaume/2TB/Scriptum/frontend/components/dashboard.py', reloading
2024-10-13 15:00:37 | INFO |  * Detected change in '/media/guillaume/2TB/Scriptum/frontend/components/file_upload.py', reloading
2024-10-13 15:00:37 | INFO |  * Detected change in '/media/guillaume/2TB/Scriptum/frontend/components/results_display.py', reloading
2024-10-13 15:00:37 | INFO |  * Detected change in '/media/guillaume/2TB/Scriptum/frontend/components/search_bar.py', reloading
2024-10-13 15:00:37 | INFO |  * Detected change in '/media/guillaume/2TB/Scriptum/frontend/components/system_health.py', reloading
2024-10-13 15:00:37 | INFO |  * Detected change in '/media/guillaume/2TB/Scriptum/frontend/components/system_logs.py', reloading
2024-10-13 15:00:37 | INFO |  * Detected change in '/media/guillaume/2TB/Scriptum/tests/__init__.py', reloading
2024-10-13 15:00:37 | INFO |  * Detected change in '/media/guillaume/2TB/Scriptum/tests/test_embedding.py', reloading
2024-10-13 15:00:37 | INFO |  * Detected change in '/media/guillaume/2TB/Scriptum/tests/test_ingestion.py', reloading
2024-10-13 15:00:37 | INFO |  * Detected change in '/media/guillaume/2TB/Scriptum/tests/test_query.py', reloading
2024-10-13 15:00:37 | INFO |  * Detected change in '/media/guillaume/2TB/Scriptum/tests/test_retrieval.py', reloading
2024-10-13 15:00:37 | INFO |  * Detected change in '/media/guillaume/2TB/Scriptum/api.py', reloading
2024-10-13 15:00:37 | INFO |  * Detected change in '/media/guillaume/2TB/Scriptum/app.py', reloading
2024-10-13 15:00:37 | INFO |  * Detected change in '/media/guillaume/2TB/Scriptum/config.py', reloading
2024-10-13 15:00:37 | INFO |  * Detected change in '/media/guillaume/2TB/Scriptum/main.py', reloading
2024-10-13 15:00:37 | INFO |  * Detected change in '/media/guillaume/2TB/Scriptum/backend/__init__.py', reloading
2024-10-13 15:00:37 | INFO |  * Detected change in '/media/guillaume/2TB/Scriptum/backend/embedding_component.py', reloading
2024-10-13 15:00:37 | INFO |  * Detected change in '/media/guillaume/2TB/Scriptum/backend/ingest_component.py', reloading
2024-10-13 15:00:37 | INFO |  * Detected change in '/media/guillaume/2TB/Scriptum/backend/query_component.py', reloading
2024-10-13 15:00:37 | INFO |  * Detected change in '/media/guillaume/2TB/Scriptum/backend/retrieval_component.py', reloading
2024-10-13 15:00:37 | INFO |  * Detected change in '/media/guillaume/2TB/Scriptum/backend/utils.py', reloading
2024-10-13 15:00:37 | INFO |  * Detected change in '/media/guillaume/2TB/Scriptum/frontend/__init__.py', reloading
2024-10-13 15:00:37 | INFO |  * Detected change in '/media/guillaume/2TB/Scriptum/frontend/config.py', reloading
2024-10-13 15:00:37 | INFO |  * Detected change in '/media/guillaume/2TB/Scriptum/frontend/language_utils.py', reloading
2024-10-13 15:00:37 | INFO |  * Detected change in '/media/guillaume/2TB/Scriptum/frontend/translations.py', reloading
2024-10-13 15:00:37 | INFO |  * Detected change in '/media/guillaume/2TB/Scriptum/frontend/components/__init__.py', reloading
2024-10-13 15:00:37 | INFO |  * Detected change in '/media/guillaume/2TB/Scriptum/frontend/components/dashboard.py', reloading
2024-10-13 15:00:37 | INFO |  * Detected change in '/media/guillaume/2TB/Scriptum/frontend/components/file_upload.py', reloading
2024-10-13 15:00:37 | INFO |  * Detected change in '/media/guillaume/2TB/Scriptum/frontend/components/results_display.py', reloading
2024-10-13 15:00:37 | INFO |  * Detected change in '/media/guillaume/2TB/Scriptum/frontend/components/search_bar.py', reloading
2024-10-13 15:00:37 | INFO |  * Detected change in '/media/guillaume/2TB/Scriptum/frontend/components/system_health.py', reloading
2024-10-13 15:00:37 | INFO |  * Detected change in '/media/guillaume/2TB/Scriptum/frontend/components/system_logs.py', reloading
2024-10-13 15:00:37 | INFO |  * Detected change in '/media/guillaume/2TB/Scriptum/tests/__init__.py', reloading
2024-10-13 15:00:37 | INFO |  * Detected change in '/media/guillaume/2TB/Scriptum/tests/test_embedding.py', reloading
2024-10-13 15:00:37 | INFO |  * Detected change in '/media/guillaume/2TB/Scriptum/tests/test_ingestion.py', reloading
2024-10-13 15:00:37 | INFO |  * Detected change in '/media/guillaume/2TB/Scriptum/tests/test_query.py', reloading
2024-10-13 15:00:37 | INFO |  * Detected change in '/media/guillaume/2TB/Scriptum/tests/test_retrieval.py', reloading
2024-10-13 15:00:39 | INFO |  * Restarting with watchdog (inotify)
2024-10-13 15:00:40 | INFO | Initializing RAG Application
2024-10-13 15:00:40 | INFO | Anonymized telemetry enabled. See                     https://docs.trychroma.com/telemetry for more information.
2024-10-13 15:00:40 | INFO | Flask app initialized
2024-10-13 15:00:40 | INFO | Starting Flask server
2024-10-13 15:00:40 | WARNING |  * Debugger is active!
2024-10-13 15:00:40 | INFO |  * Debugger PIN: 110-190-602
2024-10-13 15:00:56 | INFO | 127.0.0.1 - - [13/Oct/2024 15:00:56] "GET /stats HTTP/1.1" 200 -
2024-10-13 15:01:02 | INFO | Health check endpoint called
2024-10-13 15:01:02 | INFO | Chroma health check result: True
2024-10-13 15:01:02 | INFO | 127.0.0.1 - - [13/Oct/2024 15:01:02] "GET /api/health HTTP/1.1" 200 -
2024-10-13 15:01:05 | INFO | 127.0.0.1 - - [13/Oct/2024 15:01:05] "GET /api/logs HTTP/1.1" 200 -
